<?xml version="1.0" encoding="UTF-8"?>
<testng-results ignored="0" total="4" passed="4" failed="0" skipped="0">
  <reporter-output>
  </reporter-output>
  <suite started-at="2023-05-26T16:14:52 PST" name="Default suite" finished-at="2023-05-26T16:15:06 PST" duration-ms="14201">
    <groups>
    </groups>
    <test started-at="2023-05-26T16:14:52 PST" name="Default test" finished-at="2023-05-26T16:15:06 PST" duration-ms="14201">
      <class name="test.GesturesAndAnnotationTest">
        <test-method is-config="true" signature="beforeSuite()[pri:0, instance:test.GesturesAndAnnotationTest@480d3575]" started-at="2023-05-26T16:14:52 PST" name="beforeSuite" finished-at="2023-05-26T16:14:52 PST" duration-ms="96" status="PASS">
          <reporter-output>
          </reporter-output>
        </test-method> <!-- beforeSuite -->
        <test-method is-config="true" signature="beforeTest()[pri:0, instance:test.GesturesAndAnnotationTest@480d3575]" started-at="2023-05-26T16:14:52 PST" name="beforeTest" finished-at="2023-05-26T16:14:52 PST" duration-ms="1" status="PASS">
          <reporter-output>
          </reporter-output>
        </test-method> <!-- beforeTest -->
        <test-method is-config="true" signature="beforeClass()[pri:0, instance:test.GesturesAndAnnotationTest@480d3575]" started-at="2023-05-26T16:14:52 PST" name="beforeClass" finished-at="2023-05-26T16:14:57 PST" duration-ms="4724" status="PASS">
          <reporter-output>
          </reporter-output>
        </test-method> <!-- beforeClass -->
        <test-method signature="dragFromToForDurationDemo()[pri:1, instance:test.GesturesAndAnnotationTest@480d3575]" started-at="2023-05-26T16:14:57 PST" name="dragFromToForDurationDemo" finished-at="2023-05-26T16:15:00 PST" duration-ms="3250" status="PASS">
          <reporter-output>
          </reporter-output>
        </test-method> <!-- dragFromToForDurationDemo -->
        <test-method is-config="true" signature="beforeMethod()[pri:0, instance:test.GesturesAndAnnotationTest@480d3575]" started-at="2023-05-26T16:14:57 PST" name="beforeMethod" finished-at="2023-05-26T16:14:57 PST" duration-ms="0" status="PASS">
          <reporter-output>
          </reporter-output>
        </test-method> <!-- beforeMethod -->
        <test-method signature="swipeDemo()[pri:2, instance:test.GesturesAndAnnotationTest@480d3575]" started-at="2023-05-26T16:15:00 PST" name="swipeDemo" finished-at="2023-05-26T16:15:02 PST" duration-ms="2036" status="PASS">
          <reporter-output>
          </reporter-output>
        </test-method> <!-- swipeDemo -->
        <test-method is-config="true" signature="beforeMethod()[pri:0, instance:test.GesturesAndAnnotationTest@480d3575]" started-at="2023-05-26T16:15:00 PST" name="beforeMethod" finished-at="2023-05-26T16:15:00 PST" duration-ms="0" status="PASS">
          <reporter-output>
          </reporter-output>
        </test-method> <!-- beforeMethod -->
        <test-method signature="scrollDemo()[pri:3, instance:test.GesturesAndAnnotationTest@480d3575]" started-at="2023-05-26T16:15:02 PST" name="scrollDemo" finished-at="2023-05-26T16:15:03 PST" duration-ms="1212" status="PASS">
          <reporter-output>
          </reporter-output>
        </test-method> <!-- scrollDemo -->
        <test-method is-config="true" signature="beforeMethod()[pri:0, instance:test.GesturesAndAnnotationTest@480d3575]" started-at="2023-05-26T16:15:02 PST" name="beforeMethod" finished-at="2023-05-26T16:15:02 PST" duration-ms="0" status="PASS">
          <reporter-output>
          </reporter-output>
        </test-method> <!-- beforeMethod -->
        <test-method signature="doubleTapDemo()[pri:4, instance:test.GesturesAndAnnotationTest@480d3575]" started-at="2023-05-26T16:15:03 PST" name="doubleTapDemo" finished-at="2023-05-26T16:15:05 PST" duration-ms="1877" status="PASS">
          <reporter-output>
          </reporter-output>
        </test-method> <!-- doubleTapDemo -->
        <test-method is-config="true" signature="beforeMethod()[pri:0, instance:test.GesturesAndAnnotationTest@480d3575]" started-at="2023-05-26T16:15:03 PST" name="beforeMethod" finished-at="2023-05-26T16:15:03 PST" duration-ms="0" status="PASS">
          <reporter-output>
          </reporter-output>
        </test-method> <!-- beforeMethod -->
        <test-method is-config="true" signature="closeTest()[pri:0, instance:test.GesturesAndAnnotationTest@480d3575]" started-at="2023-05-26T16:15:05 PST" name="closeTest" finished-at="2023-05-26T16:15:06 PST" duration-ms="1067" status="PASS">
          <reporter-output>
          </reporter-output>
        </test-method> <!-- closeTest -->
        <test-method is-config="true" signature="afterMethod()[pri:0, instance:test.GesturesAndAnnotationTest@480d3575]" started-at="2023-05-26T16:15:06 PST" name="afterMethod" finished-at="2023-05-26T16:15:06 PST" duration-ms="1" status="PASS">
          <reporter-output>
          </reporter-output>
        </test-method> <!-- afterMethod -->
        <test-method is-config="true" signature="afterTest()[pri:0, instance:test.GesturesAndAnnotationTest@480d3575]" started-at="2023-05-26T16:15:06 PST" name="afterTest" finished-at="2023-05-26T16:15:06 PST" duration-ms="0" status="PASS">
          <reporter-output>
          </reporter-output>
        </test-method> <!-- afterTest -->
        <test-method is-config="true" signature="closeExtentReports()[pri:0, instance:test.GesturesAndAnnotationTest@480d3575]" started-at="2023-05-26T16:15:06 PST" name="closeExtentReports" finished-at="2023-05-26T16:15:06 PST" duration-ms="100" status="PASS">
          <reporter-output>
          </reporter-output>
        </test-method> <!-- closeExtentReports -->
      </class> <!-- test.GesturesAndAnnotationTest -->
    </test> <!-- Default test -->
  </suite> <!-- Default suite -->
</testng-results>
