<?xml version="1.0" encoding="UTF-8"?>
<!-- Generated by org.testng.reporters.JUnitXMLReporter -->
<testsuite ignored="0" hostname="collaberas-mbp" failures="0" tests="4" name="Default test" time="14.201" errors="0" timestamp="2023-05-26T16:15:06 PST">
  <testcase classname="test.GesturesAndAnnotationTest" name="dragFromToForDurationDemo" time="3.25"/>
  <testcase classname="test.GesturesAndAnnotationTest" name="swipeDemo" time="2.036"/>
  <testcase classname="test.GesturesAndAnnotationTest" name="scrollDemo" time="1.212"/>
  <testcase classname="test.GesturesAndAnnotationTest" name="doubleTapDemo" time="1.877"/>
</testsuite> <!-- Default test -->
