<?xml version="1.0" encoding="UTF-8"?>
<!-- Generated by org.testng.reporters.JUnitXMLReporter -->
<testsuite ignored="0" hostname="collaberas-mbp" failures="0" tests="4" name="Default test" time="18.625" errors="0" timestamp="2023-05-25T17:09:24 PST">
  <testcase classname="test.gesturesAndAnnotationTest" name="dragFromToForDurationDemo" time="3.392"/>
  <testcase classname="test.gesturesAndAnnotationTest" name="swipeDemo" time="1.995"/>
  <testcase classname="test.gesturesAndAnnotationTest" name="scrollDemo" time="1.225"/>
  <testcase classname="test.gesturesAndAnnotationTest" name="doubleTapDemo" time="1.833"/>
</testsuite> <!-- Default test -->
